<?xml version="1.0" encoding="UTF-8"?>
<testng-results ignored="0" total="6" passed="6" failed="0" skipped="0">
  <reporter-output>
  </reporter-output>
  <suite started-at="2023-09-16T08:42:03 IST" name="All Test Suite" finished-at="2023-09-16T08:43:54 IST" duration-ms="110910">
    <groups>
    </groups>
    <test started-at="2023-09-16T08:42:03 IST" name="C:/Users/Administrator/IdeaProjects/Dmart2023" finished-at="2023-09-16T08:43:54 IST" duration-ms="110910">
      <class name="testclasses.HomeTest">
        <test-method is-config="true" signature="beforeMethod()[pri:0, instance:testclasses.HomeTest@b62d79]" started-at="2023-09-16T08:42:48 IST" name="beforeMethod" finished-at="2023-09-16T08:42:54 IST" duration-ms="6672" status="PASS">
          <reporter-output>
          </reporter-output>
        </test-method> <!-- beforeMethod -->
        <test-method signature="verifyFunctionOfRadioBtn()[pri:0, instance:testclasses.HomeTest@b62d79]" started-at="2023-09-16T08:42:54 IST" name="verifyFunctionOfRadioBtn" description="Verify RadioButton functionality" finished-at="2023-09-16T08:42:59 IST" duration-ms="5086" status="PASS">
          <reporter-output>
          </reporter-output>
        </test-method> <!-- verifyFunctionOfRadioBtn -->
        <test-method is-config="true" signature="tearDown()[pri:0, instance:testclasses.HomeTest@b62d79]" started-at="2023-09-16T08:42:59 IST" name="tearDown" finished-at="2023-09-16T08:43:00 IST" duration-ms="702" status="PASS">
          <reporter-output>
          </reporter-output>
        </test-method> <!-- tearDown -->
        <test-method is-config="true" signature="beforeMethod()[pri:0, instance:testclasses.HomeTest@b62d79]" started-at="2023-09-16T08:43:00 IST" name="beforeMethod" finished-at="2023-09-16T08:43:08 IST" duration-ms="8318" status="PASS">
          <reporter-output>
          </reporter-output>
        </test-method> <!-- beforeMethod -->
        <test-method signature="verifyFunctionsOfCheckBox()[pri:0, instance:testclasses.HomeTest@b62d79]" started-at="2023-09-16T08:43:08 IST" name="verifyFunctionsOfCheckBox" description="Verify functionality of CheckBox" finished-at="2023-09-16T08:43:13 IST" duration-ms="4470" status="PASS">
          <reporter-output>
          </reporter-output>
        </test-method> <!-- verifyFunctionsOfCheckBox -->
        <test-method is-config="true" signature="tearDown()[pri:0, instance:testclasses.HomeTest@b62d79]" started-at="2023-09-16T08:43:13 IST" name="tearDown" finished-at="2023-09-16T08:43:14 IST" duration-ms="842" status="PASS">
          <reporter-output>
          </reporter-output>
        </test-method> <!-- tearDown -->
        <test-method is-config="true" signature="beforeMethod()[pri:0, instance:testclasses.HomeTest@b62d79]" started-at="2023-09-16T08:43:14 IST" name="beforeMethod" finished-at="2023-09-16T08:43:21 IST" duration-ms="7023" status="PASS">
          <reporter-output>
          </reporter-output>
        </test-method> <!-- beforeMethod -->
        <test-method signature="verifyFunctionsOfKeyword()[pri:0, instance:testclasses.HomeTest@b62d79]" started-at="2023-09-16T08:43:21 IST" name="verifyFunctionsOfKeyword" description="Verify functionality Inserting Keyword " finished-at="2023-09-16T08:43:25 IST" duration-ms="3925" status="PASS">
          <reporter-output>
          </reporter-output>
        </test-method> <!-- verifyFunctionsOfKeyword -->
        <test-method is-config="true" signature="tearDown()[pri:0, instance:testclasses.HomeTest@b62d79]" started-at="2023-09-16T08:43:25 IST" name="tearDown" finished-at="2023-09-16T08:43:25 IST" duration-ms="703" status="PASS">
          <reporter-output>
          </reporter-output>
        </test-method> <!-- tearDown -->
      </class> <!-- testclasses.HomeTest -->
      <class name="testclasses.LogInTest">
        <test-method is-config="true" signature="beforeMethod()[pri:0, instance:testclasses.LogInTest@6631f5ca]" started-at="2023-09-16T08:43:25 IST" name="beforeMethod" finished-at="2023-09-16T08:43:43 IST" duration-ms="17748" status="PASS">
          <reporter-output>
          </reporter-output>
        </test-method> <!-- beforeMethod -->
        <test-method signature="verifyLoginWithValidUsernameAndValidPassword()[pri:0, instance:testclasses.LogInTest@6631f5ca]" started-at="2023-09-16T08:43:43 IST" name="verifyLoginWithValidUsernameAndValidPassword" description="Verify Login With Valid Username and Password" finished-at="2023-09-16T08:43:53 IST" duration-ms="10242" status="PASS">
          <reporter-output>
          </reporter-output>
        </test-method> <!-- verifyLoginWithValidUsernameAndValidPassword -->
        <test-method is-config="true" signature="tearDown()[pri:0, instance:testclasses.LogInTest@6631f5ca]" started-at="2023-09-16T08:43:53 IST" name="tearDown" finished-at="2023-09-16T08:43:54 IST" duration-ms="927" status="PASS">
          <reporter-output>
          </reporter-output>
        </test-method> <!-- tearDown -->
      </class> <!-- testclasses.LogInTest -->
      <class name="testclasses.CareerTest">
        <test-method is-config="true" signature="beforeMethod()[pri:0, instance:testclasses.CareerTest@2177849e]" started-at="2023-09-16T08:42:04 IST" name="beforeMethod" finished-at="2023-09-16T08:42:13 IST" duration-ms="9861" status="PASS">
          <reporter-output>
          </reporter-output>
        </test-method> <!-- beforeMethod -->
        <test-method signature="verifyDropDown()[pri:0, instance:testclasses.CareerTest@2177849e]" started-at="2023-09-16T08:42:13 IST" name="verifyDropDown" description="Verify the Functionality DropDown" finished-at="2023-09-16T08:42:24 IST" duration-ms="10946" status="PASS">
          <reporter-output>
          </reporter-output>
        </test-method> <!-- verifyDropDown -->
        <test-method is-config="true" signature="tearDown()[pri:0, instance:testclasses.CareerTest@2177849e]" started-at="2023-09-16T08:42:24 IST" name="tearDown" finished-at="2023-09-16T08:42:25 IST" duration-ms="928" status="PASS">
          <reporter-output>
          </reporter-output>
        </test-method> <!-- tearDown -->
        <test-method is-config="true" signature="beforeMethod()[pri:0, instance:testclasses.CareerTest@2177849e]" started-at="2023-09-16T08:42:25 IST" name="beforeMethod" finished-at="2023-09-16T08:42:37 IST" duration-ms="11643" status="PASS">
          <reporter-output>
          </reporter-output>
        </test-method> <!-- beforeMethod -->
        <test-method signature="verifyFunctionsOfWindowHandle()[pri:0, instance:testclasses.CareerTest@2177849e]" started-at="2023-09-16T08:42:37 IST" name="verifyFunctionsOfWindowHandle" description="Verify functionality Get Window Handle" finished-at="2023-09-16T08:42:47 IST" duration-ms="9744" status="PASS">
          <reporter-output>
          </reporter-output>
        </test-method> <!-- verifyFunctionsOfWindowHandle -->
        <test-method is-config="true" signature="tearDown()[pri:0, instance:testclasses.CareerTest@2177849e]" started-at="2023-09-16T08:42:47 IST" name="tearDown" finished-at="2023-09-16T08:42:48 IST" duration-ms="1007" status="PASS">
          <reporter-output>
          </reporter-output>
        </test-method> <!-- tearDown -->
      </class> <!-- testclasses.CareerTest -->
    </test> <!-- C:/Users/Administrator/IdeaProjects/Dmart2023 -->
  </suite> <!-- All Test Suite -->
</testng-results>
